[debug] > Exec(publishLocal, None, None)
[debug] Evaluating tasks: publishLocal
[debug] Running task... Cancel: Signal, check cycles: false, forcegc: true
[info] compiling 1 Scala source to C:\Users\Administrator\Desktop\spinalhdl_coding\untitled8\target\scala-2.11\classes ...
[info] Wrote C:\Users\Administrator\Desktop\spinalhdl_coding\untitled8\target\scala-2.11\untitled8_2.11-0.1.0-SNAPSHOT.pom
[info] Main Scala API documentation to C:\Users\Administrator\Desktop\spinalhdl_coding\untitled8\target\scala-2.11\api...
[info] Attempting to fetch org.scala-sbt:compiler-bridge_2.11:1.8.0.
[info] Attempting to fetch org.scala-sbt:compiler-bridge_2.11:1.8.0.
[error] ## Exception when compiling 1 sources to C:\Users\Administrator\Desktop\spinalhdl_coding\untitled8\target\scala-2.11\classes
[error] sbt.internal.inc.InvalidComponent: The compiler bridge sources CoursierModuleDescriptor(ModuleDescriptorConfiguration(false, None, org.scala-sbt.temp:temp-module-518b91374cbcb06003d475b7704c2316602396eb:1.8.0:compile, ModuleInfo(temp-module-518b91374cbcb06003d475b7704c2316602396eb, , None, None, Vector(), , None, None, Vector()), Vector(org.scala-sbt:compiler-bridge_2.11:1.8.0:compile), Vector(), Vector(), , Vector(compile, runtime, test, provided, optional), Some(compile), ConflictManager(latest-revision, *, *)),CoursierConfiguration(log=Some(sbt.internal.util.ManagedLogger@4e1d10a7),resolvers=Vector(FileRepository(local, Patterns(ivyPatterns=Vector(C:\Users\Administrator\.ivy2/local/[organisation]/[module]/(scala_[scalaVersion]/)(sbt_[sbtVersion]/)([branch]/)[revision]/[type]s/[artifact](-[classifier]).[ext]), artifactPatterns=Vector(C:\Users\Administrator\.ivy2/local/[organisation]/[module]/(scala_[scalaVersion]/)(sbt_[sbtVersion]/)([branch]/)[revision]/[type]s/[artifact](-[classifier]).[ext]), isMavenCompatible=false, descriptorOptional=false, skipConsistencyCheck=false), FileConfiguration(true, None)), public: https://repo1.maven.org/maven2/),parallelDownloads=6,maxIterations=100,sbtScalaOrganization=Some(org.scala-lang),sbtScalaVersion=Some(2.12.17),sbtScalaJars=Vector(C:\Users\Administrator\.sbt\boot\scala-2.12.17\lib\scala-compiler.jar, C:\Users\Administrator\.sbt\boot\scala-2.12.17\lib\scala-library.jar, C:\Users\Administrator\.sbt\boot\scala-2.12.17\lib\scala-reflect.jar, C:\Users\Administrator\.sbt\boot\scala-2.12.17\lib\scala-xml_2.12-2.1.0.jar),interProjectDependencies=Vector(),excludeDependencies=Vector(),fallbackDependencies=Vector(),autoScalaLibrary=true,hasClassifiers=false,classifiers=Vector(),mavenProfiles=Vector(),scalaOrganization=Some(org.scala-lang),scalaVersion=Some(2.11.12),authenticationByRepositoryId=Vector(),credentials=Vector(),logger=Some(sbt.coursierint.LMCoursier$CoursierLogger@7827f78),cache=Some(C:\Users\Administrator\AppData\Local\Coursier\Cache\v1),ivyHome=Some(C:\Users\Administrator\.ivy2),followHttpToHttpsRedirections=None,strict=None,extraProjects=Vector(),forceVersions=Vector(),reconciliation=Vector((ModuleMatchers(exclude=Set(),include=Set(),includeByDefault=true),Relaxed)),classpathOrder=true,verbosityLevel=0,ttl=Some(24 hours),checksums=Vector(Some(SHA-1), None),cachePolicies=Vector(LocalUpdateChanging, LocalOnly, Update),missingOk=false,sbtClassifiers=false,providedInCompile=false,protocolHandlerDependencies=Vector())) could not be retrieved.
[error] 
[error] 	Note: Unresolved dependencies path:
[error] sbt.internal.inc.ZincLMHelper$.update(ZincComponentCompiler.scala:308)
[error] sbt.internal.inc.ZincComponentCompiler.$anonfun$compileAndInstall$3(ZincComponentCompiler.scala:264)
[error] sbt.internal.inc.ZincComponentCompiler.$anonfun$compileAndInstall$3$adapted(ZincComponentCompiler.scala:257)
[error] sbt.io.IO$.withTemporaryDirectory(IO.scala:490)
[error] sbt.io.IO$.withTemporaryDirectory(IO.scala:500)
[error] sbt.internal.inc.ZincComponentCompiler.$anonfun$compileAndInstall$2(ZincComponentCompiler.scala:257)
[error] scala.runtime.java8.JFunction0$mcV$sp.apply(JFunction0$mcV$sp.java:23)
[error] sbt.internal.util.BufferedLogger.bufferQuietly(BufferedLogger.scala:159)
[error] sbt.internal.inc.ZincComponentCompiler.$anonfun$compileAndInstall$1(ZincComponentCompiler.scala:257)
[error] sbt.internal.inc.ZincComponentCompiler.$anonfun$compileAndInstall$1$adapted(ZincComponentCompiler.scala:254)
[error] sbt.io.IO$.withTemporaryDirectory(IO.scala:490)
[error] sbt.io.IO$.withTemporaryDirectory(IO.scala:500)
[error] sbt.internal.inc.ZincComponentCompiler.compileAndInstall(ZincComponentCompiler.scala:254)
[error] sbt.internal.inc.ZincComponentCompiler.$anonfun$compiledBridgeJar$1(ZincComponentCompiler.scala:222)
[error] sbt.internal.inc.IfMissing$Define.run(IfMissing.scala:19)
[error] sbt.internal.inc.ZincComponentManager.createAndCache$1(ZincComponentManager.scala:51)
[error] sbt.internal.inc.ZincComponentManager.$anonfun$files$3(ZincComponentManager.scala:62)
[error] sbt.internal.inc.ZincComponentManager.getOrElse$1(ZincComponentManager.scala:43)
[error] sbt.internal.inc.ZincComponentManager.$anonfun$files$2(ZincComponentManager.scala:62)
[error] sbt.internal.inc.ZincComponentManager$$anon$1.call(ZincComponentManager.scala:91)
[error] xsbt.boot.Locks$GlobalLock.withChannel$1(Locks.scala:113)
[error] xsbt.boot.Locks$GlobalLock.withChannelRetries$1(Locks.scala:91)
[error] xsbt.boot.Locks$GlobalLock.$anonfun$withFileLock$1(Locks.scala:119)
[error] xsbt.boot.Using$.withResource(Using.scala:12)
[error] xsbt.boot.Using$.apply(Using.scala:9)
[error] xsbt.boot.Locks$GlobalLock.withFileLock(Locks.scala:119)
[error] xsbt.boot.Locks$GlobalLock.ignoringDeadlockAvoided(Locks.scala:71)
[error] xsbt.boot.Locks$GlobalLock.withLock(Locks.scala:59)
[error] xsbt.boot.Locks$.apply0(Locks.scala:47)
[error] xsbt.boot.Locks$.apply(Locks.scala:36)
[error] sbt.internal.inc.ZincComponentManager.lock(ZincComponentManager.scala:91)
[error] sbt.internal.inc.ZincComponentManager.$anonfun$lockSecondaryCache$1(ZincComponentManager.scala:88)
[error] scala.Option.map(Option.scala:230)
[error] sbt.internal.inc.ZincComponentManager.lockSecondaryCache(ZincComponentManager.scala:88)
[error] sbt.internal.inc.ZincComponentManager.fromSecondary$1(ZincComponentManager.scala:60)
[error] sbt.internal.inc.ZincComponentManager.$anonfun$files$6(ZincComponentManager.scala:66)
[error] sbt.internal.inc.ZincComponentManager.getOrElse$1(ZincComponentManager.scala:43)
[error] sbt.internal.inc.ZincComponentManager.$anonfun$files$5(ZincComponentManager.scala:66)
[error] sbt.internal.inc.ZincComponentManager$$anon$1.call(ZincComponentManager.scala:91)
[error] xsbt.boot.Locks$GlobalLock.withChannel$1(Locks.scala:113)
[error] xsbt.boot.Locks$GlobalLock.withChannelRetries$1(Locks.scala:91)
[error] xsbt.boot.Locks$GlobalLock.$anonfun$withFileLock$1(Locks.scala:119)
[error] xsbt.boot.Using$.withResource(Using.scala:12)
[error] xsbt.boot.Using$.apply(Using.scala:9)
[error] xsbt.boot.Locks$GlobalLock.withFileLock(Locks.scala:119)
[error] xsbt.boot.Locks$GlobalLock.ignoringDeadlockAvoided(Locks.scala:71)
[error] xsbt.boot.Locks$GlobalLock.withLock(Locks.scala:59)
[error] xsbt.boot.Locks$.apply0(Locks.scala:47)
[error] xsbt.boot.Locks$.apply(Locks.scala:36)
[error] sbt.internal.inc.ZincComponentManager.lock(ZincComponentManager.scala:91)
[error] sbt.internal.inc.ZincComponentManager.lockLocalCache(ZincComponentManager.scala:84)
[error] sbt.internal.inc.ZincComponentManager.files(ZincComponentManager.scala:66)
[error] sbt.internal.inc.ZincComponentManager.file(ZincComponentManager.scala:72)
[error] sbt.internal.inc.ZincComponentCompiler.compiledBridgeJar(ZincComponentCompiler.scala:222)
[error] sbt.internal.inc.ZincComponentCompiler$ZincCompilerBridgeProvider.compiledBridge(ZincComponentCompiler.scala:63)
[error] sbt.internal.inc.ZincComponentCompiler$ZincCompilerBridgeProvider.fetchCompiledBridge(ZincComponentCompiler.scala:70)
[error] sbt.internal.inc.AnalyzingCompiler.getDualLoader(AnalyzingCompiler.scala:354)
[error] sbt.internal.inc.AnalyzingCompiler.getCompilerLoader(AnalyzingCompiler.scala:343)
[error] sbt.internal.inc.AnalyzingCompiler.compile(AnalyzingCompiler.scala:87)
[error] sbt.internal.inc.MixedAnalyzingCompiler.$anonfun$compile$7(MixedAnalyzingCompiler.scala:193)
[error] scala.runtime.java8.JFunction0$mcV$sp.apply(JFunction0$mcV$sp.java:23)
[error] sbt.internal.inc.MixedAnalyzingCompiler.timed(MixedAnalyzingCompiler.scala:248)
[error] sbt.internal.inc.MixedAnalyzingCompiler.$anonfun$compile$4(MixedAnalyzingCompiler.scala:183)
[error] sbt.internal.inc.MixedAnalyzingCompiler.$anonfun$compile$4$adapted(MixedAnalyzingCompiler.scala:163)
[error] sbt.internal.inc.JarUtils$.withPreviousJar(JarUtils.scala:239)
[error] sbt.internal.inc.MixedAnalyzingCompiler.compileScala$1(MixedAnalyzingCompiler.scala:163)
[error] sbt.internal.inc.MixedAnalyzingCompiler.compile(MixedAnalyzingCompiler.scala:211)
[error] sbt.internal.inc.IncrementalCompilerImpl.$anonfun$compileInternal$1(IncrementalCompilerImpl.scala:534)
[error] sbt.internal.inc.IncrementalCompilerImpl.$anonfun$compileInternal$1$adapted(IncrementalCompilerImpl.scala:534)
[error] sbt.internal.inc.Incremental$.$anonfun$apply$5(Incremental.scala:179)
[error] sbt.internal.inc.Incremental$.$anonfun$apply$5$adapted(Incremental.scala:177)
[error] sbt.internal.inc.Incremental$$anon$2.run(Incremental.scala:463)
[error] sbt.internal.inc.IncrementalCommon$CycleState.next(IncrementalCommon.scala:116)
[error] sbt.internal.inc.IncrementalCommon$$anon$1.next(IncrementalCommon.scala:56)
[error] sbt.internal.inc.IncrementalCommon$$anon$1.next(IncrementalCommon.scala:52)
[error] sbt.internal.inc.IncrementalCommon.cycle(IncrementalCommon.scala:263)
[error] sbt.internal.inc.Incremental$.$anonfun$incrementalCompile$8(Incremental.scala:418)
[error] sbt.internal.inc.Incremental$.withClassfileManager(Incremental.scala:506)
[error] sbt.internal.inc.Incremental$.incrementalCompile(Incremental.scala:405)
[error] sbt.internal.inc.Incremental$.apply(Incremental.scala:171)
[error] sbt.internal.inc.IncrementalCompilerImpl.compileInternal(IncrementalCompilerImpl.scala:534)
[error] sbt.internal.inc.IncrementalCompilerImpl.$anonfun$compileIncrementally$1(IncrementalCompilerImpl.scala:488)
[error] sbt.internal.inc.IncrementalCompilerImpl.handleCompilationError(IncrementalCompilerImpl.scala:332)
[error] sbt.internal.inc.IncrementalCompilerImpl.compileIncrementally(IncrementalCompilerImpl.scala:425)
[error] sbt.internal.inc.IncrementalCompilerImpl.compile(IncrementalCompilerImpl.scala:137)
[error] sbt.Defaults$.compileIncrementalTaskImpl(Defaults.scala:2363)
[error] sbt.Defaults$.$anonfun$compileIncrementalTask$2(Defaults.scala:2313)
[error] sbt.internal.server.BspCompileTask$.$anonfun$compute$1(BspCompileTask.scala:30)
[error] sbt.internal.io.Retry$.apply(Retry.scala:46)
[error] sbt.internal.io.Retry$.apply(Retry.scala:28)
[error] sbt.internal.io.Retry$.apply(Retry.scala:23)
[error] sbt.internal.server.BspCompileTask$.compute(BspCompileTask.scala:30)
[error] sbt.Defaults$.$anonfun$compileIncrementalTask$1(Defaults.scala:2311)
[error] scala.Function1.$anonfun$compose$1(Function1.scala:49)
[error] sbt.internal.util.$tilde$greater.$anonfun$$u2219$1(TypeFunctions.scala:62)
[error] sbt.std.Transform$$anon$4.work(Transform.scala:68)
[error] sbt.Execute.$anonfun$submit$2(Execute.scala:282)
[error] sbt.internal.util.ErrorHandling$.wideConvert(ErrorHandling.scala:23)
[error] sbt.Execute.work(Execute.scala:291)
[error] sbt.Execute.$anonfun$submit$1(Execute.scala:282)
[error] sbt.ConcurrentRestrictions$$anon$4.$anonfun$submitValid$1(ConcurrentRestrictions.scala:265)
[error] sbt.CompletionService$$anon$2.call(CompletionService.scala:64)
[error] java.base/java.util.concurrent.FutureTask.run(FutureTask.java:317)
[error] java.base/java.util.concurrent.Executors$RunnableAdapter.call(Executors.java:577)
[error] java.base/java.util.concurrent.FutureTask.run(FutureTask.java:317)
[error] java.base/java.util.concurrent.ThreadPoolExecutor.runWorker(ThreadPoolExecutor.java:1144)
[error] java.base/java.util.concurrent.ThreadPoolExecutor$Worker.run(ThreadPoolExecutor.java:642)
[error] java.base/java.lang.Thread.run(Thread.java:1589)
[error]            
[error] sbt.internal.inc.InvalidComponent: The compiler bridge sources CoursierModuleDescriptor(ModuleDescriptorConfiguration(false, None, org.scala-sbt.temp:temp-module-518b91374cbcb06003d475b7704c2316602396eb:1.8.0:compile, ModuleInfo(temp-module-518b91374cbcb06003d475b7704c2316602396eb, , None, None, Vector(), , None, None, Vector()), Vector(org.scala-sbt:compiler-bridge_2.11:1.8.0:compile), Vector(), Vector(), , Vector(compile, runtime, test, provided, optional), Some(compile), ConflictManager(latest-revision, *, *)),CoursierConfiguration(log=Some(sbt.internal.util.ManagedLogger@4e1d10a7),resolvers=Vector(FileRepository(local, Patterns(ivyPatterns=Vector(C:\Users\Administrator\.ivy2/local/[organisation]/[module]/(scala_[scalaVersion]/)(sbt_[sbtVersion]/)([branch]/)[revision]/[type]s/[artifact](-[classifier]).[ext]), artifactPatterns=Vector(C:\Users\Administrator\.ivy2/local/[organisation]/[module]/(scala_[scalaVersion]/)(sbt_[sbtVersion]/)([branch]/)[revision]/[type]s/[artifact](-[classifier]).[ext]), isMavenCompatible=false, descriptorOptional=false, skipConsistencyCheck=false), FileConfiguration(true, None)), public: https://repo1.maven.org/maven2/),parallelDownloads=6,maxIterations=100,sbtScalaOrganization=Some(org.scala-lang),sbtScalaVersion=Some(2.12.17),sbtScalaJars=Vector(C:\Users\Administrator\.sbt\boot\scala-2.12.17\lib\scala-compiler.jar, C:\Users\Administrator\.sbt\boot\scala-2.12.17\lib\scala-library.jar, C:\Users\Administrator\.sbt\boot\scala-2.12.17\lib\scala-reflect.jar, C:\Users\Administrator\.sbt\boot\scala-2.12.17\lib\scala-xml_2.12-2.1.0.jar),interProjectDependencies=Vector(),excludeDependencies=Vector(),fallbackDependencies=Vector(),autoScalaLibrary=true,hasClassifiers=false,classifiers=Vector(),mavenProfiles=Vector(),scalaOrganization=Some(org.scala-lang),scalaVersion=Some(2.11.12),authenticationByRepositoryId=Vector(),credentials=Vector(),logger=Some(sbt.coursierint.LMCoursier$CoursierLogger@7827f78),cache=Some(C:\Users\Administrator\AppData\Local\Coursier\Cache\v1),ivyHome=Some(C:\Users\Administrator\.ivy2),followHttpToHttpsRedirections=None,strict=None,extraProjects=Vector(),forceVersions=Vector(),reconciliation=Vector((ModuleMatchers(exclude=Set(),include=Set(),includeByDefault=true),Relaxed)),classpathOrder=true,verbosityLevel=0,ttl=Some(24 hours),checksums=Vector(Some(SHA-1), None),cachePolicies=Vector(LocalUpdateChanging, LocalOnly, Update),missingOk=false,sbtClassifiers=false,providedInCompile=false,protocolHandlerDependencies=Vector())) could not be retrieved.
[error] 
[error] 	Note: Unresolved dependencies path:
[error] 	at sbt.internal.inc.ZincLMHelper$.update(ZincComponentCompiler.scala:308)
[error] 	at sbt.internal.inc.ZincComponentCompiler.$anonfun$compileAndInstall$3(ZincComponentCompiler.scala:264)
[error] 	at sbt.internal.inc.ZincComponentCompiler.$anonfun$compileAndInstall$3$adapted(ZincComponentCompiler.scala:257)
[error] 	at sbt.io.IO$.withTemporaryDirectory(IO.scala:490)
[error] 	at sbt.io.IO$.withTemporaryDirectory(IO.scala:500)
[error] 	at sbt.internal.inc.ZincComponentCompiler.$anonfun$compileAndInstall$2(ZincComponentCompiler.scala:257)
[error] 	at scala.runtime.java8.JFunction0$mcV$sp.apply(JFunction0$mcV$sp.java:23)
[error] 	at sbt.internal.util.BufferedLogger.bufferQuietly(BufferedLogger.scala:159)
[error] 	at sbt.internal.inc.ZincComponentCompiler.$anonfun$compileAndInstall$1(ZincComponentCompiler.scala:257)
[error] 	at sbt.internal.inc.ZincComponentCompiler.$anonfun$compileAndInstall$1$adapted(ZincComponentCompiler.scala:254)
[error] 	at sbt.io.IO$.withTemporaryDirectory(IO.scala:490)
[error] 	at sbt.io.IO$.withTemporaryDirectory(IO.scala:500)
[error] 	at sbt.internal.inc.ZincComponentCompiler.compileAndInstall(ZincComponentCompiler.scala:254)
[error] 	at sbt.internal.inc.ZincComponentCompiler.$anonfun$compiledBridgeJar$1(ZincComponentCompiler.scala:222)
[error] 	at sbt.internal.inc.IfMissing$Define.run(IfMissing.scala:19)
[error] 	at sbt.internal.inc.ZincComponentManager.createAndCache$1(ZincComponentManager.scala:51)
[error] 	at sbt.internal.inc.ZincComponentManager.$anonfun$files$3(ZincComponentManager.scala:62)
[error] 	at sbt.internal.inc.ZincComponentManager.getOrElse$1(ZincComponentManager.scala:43)
[error] 	at sbt.internal.inc.ZincComponentManager.$anonfun$files$2(ZincComponentManager.scala:62)
[error] 	at sbt.internal.inc.ZincComponentManager$$anon$1.call(ZincComponentManager.scala:91)
[error] 	at xsbt.boot.Locks$GlobalLock.withChannel$1(Locks.scala:113)
[error] 	at xsbt.boot.Locks$GlobalLock.withChannelRetries$1(Locks.scala:91)
[error] 	at xsbt.boot.Locks$GlobalLock.$anonfun$withFileLock$1(Locks.scala:119)
[error] 	at xsbt.boot.Using$.withResource(Using.scala:12)
[error] 	at xsbt.boot.Using$.apply(Using.scala:9)
[error] 	at xsbt.boot.Locks$GlobalLock.withFileLock(Locks.scala:119)
[error] 	at xsbt.boot.Locks$GlobalLock.ignoringDeadlockAvoided(Locks.scala:71)
[error] 	at xsbt.boot.Locks$GlobalLock.withLock(Locks.scala:59)
[error] 	at xsbt.boot.Locks$.apply0(Locks.scala:47)
[error] 	at xsbt.boot.Locks$.apply(Locks.scala:36)
[error] 	at sbt.internal.inc.ZincComponentManager.lock(ZincComponentManager.scala:91)
[error] 	at sbt.internal.inc.ZincComponentManager.$anonfun$lockSecondaryCache$1(ZincComponentManager.scala:88)
[error] 	at scala.Option.map(Option.scala:230)
[error] 	at sbt.internal.inc.ZincComponentManager.lockSecondaryCache(ZincComponentManager.scala:88)
[error] 	at sbt.internal.inc.ZincComponentManager.fromSecondary$1(ZincComponentManager.scala:60)
[error] 	at sbt.internal.inc.ZincComponentManager.$anonfun$files$6(ZincComponentManager.scala:66)
[error] 	at sbt.internal.inc.ZincComponentManager.getOrElse$1(ZincComponentManager.scala:43)
[error] 	at sbt.internal.inc.ZincComponentManager.$anonfun$files$5(ZincComponentManager.scala:66)
[error] 	at sbt.internal.inc.ZincComponentManager$$anon$1.call(ZincComponentManager.scala:91)
[error] 	at xsbt.boot.Locks$GlobalLock.withChannel$1(Locks.scala:113)
[error] 	at xsbt.boot.Locks$GlobalLock.withChannelRetries$1(Locks.scala:91)
[error] 	at xsbt.boot.Locks$GlobalLock.$anonfun$withFileLock$1(Locks.scala:119)
[error] 	at xsbt.boot.Using$.withResource(Using.scala:12)
[error] 	at xsbt.boot.Using$.apply(Using.scala:9)
[error] 	at xsbt.boot.Locks$GlobalLock.withFileLock(Locks.scala:119)
[error] 	at xsbt.boot.Locks$GlobalLock.ignoringDeadlockAvoided(Locks.scala:71)
[error] 	at xsbt.boot.Locks$GlobalLock.withLock(Locks.scala:59)
[error] 	at xsbt.boot.Locks$.apply0(Locks.scala:47)
[error] 	at xsbt.boot.Locks$.apply(Locks.scala:36)
[error] 	at sbt.internal.inc.ZincComponentManager.lock(ZincComponentManager.scala:91)
[error] 	at sbt.internal.inc.ZincComponentManager.lockLocalCache(ZincComponentManager.scala:84)
[error] 	at sbt.internal.inc.ZincComponentManager.files(ZincComponentManager.scala:66)
[error] 	at sbt.internal.inc.ZincComponentManager.file(ZincComponentManager.scala:72)
[error] 	at sbt.internal.inc.ZincComponentCompiler.compiledBridgeJar(ZincComponentCompiler.scala:222)
[error] 	at sbt.internal.inc.ZincComponentCompiler$ZincCompilerBridgeProvider.compiledBridge(ZincComponentCompiler.scala:63)
[error] 	at sbt.internal.inc.ZincComponentCompiler$ZincCompilerBridgeProvider.fetchCompiledBridge(ZincComponentCompiler.scala:70)
[error] 	at sbt.internal.inc.AnalyzingCompiler.getDualLoader(AnalyzingCompiler.scala:354)
[error] 	at sbt.internal.inc.AnalyzingCompiler.getCompilerLoader(AnalyzingCompiler.scala:343)
[error] 	at sbt.internal.inc.AnalyzingCompiler.compile(AnalyzingCompiler.scala:87)
[error] 	at sbt.internal.inc.MixedAnalyzingCompiler.$anonfun$compile$7(MixedAnalyzingCompiler.scala:193)
[error] 	at scala.runtime.java8.JFunction0$mcV$sp.apply(JFunction0$mcV$sp.java:23)
[error] 	at sbt.internal.inc.MixedAnalyzingCompiler.timed(MixedAnalyzingCompiler.scala:248)
[error] 	at sbt.internal.inc.MixedAnalyzingCompiler.$anonfun$compile$4(MixedAnalyzingCompiler.scala:183)
[error] 	at sbt.internal.inc.MixedAnalyzingCompiler.$anonfun$compile$4$adapted(MixedAnalyzingCompiler.scala:163)
[error] 	at sbt.internal.inc.JarUtils$.withPreviousJar(JarUtils.scala:239)
[error] 	at sbt.internal.inc.MixedAnalyzingCompiler.compileScala$1(MixedAnalyzingCompiler.scala:163)
[error] 	at sbt.internal.inc.MixedAnalyzingCompiler.compile(MixedAnalyzingCompiler.scala:211)
[error] 	at sbt.internal.inc.IncrementalCompilerImpl.$anonfun$compileInternal$1(IncrementalCompilerImpl.scala:534)
[error] 	at sbt.internal.inc.IncrementalCompilerImpl.$anonfun$compileInternal$1$adapted(IncrementalCompilerImpl.scala:534)
[error] 	at sbt.internal.inc.Incremental$.$anonfun$apply$5(Incremental.scala:179)
[error] 	at sbt.internal.inc.Incremental$.$anonfun$apply$5$adapted(Incremental.scala:177)
[error] 	at sbt.internal.inc.Incremental$$anon$2.run(Incremental.scala:463)
[error] 	at sbt.internal.inc.IncrementalCommon$CycleState.next(IncrementalCommon.scala:116)
[error] 	at sbt.internal.inc.IncrementalCommon$$anon$1.next(IncrementalCommon.scala:56)
[error] 	at sbt.internal.inc.IncrementalCommon$$anon$1.next(IncrementalCommon.scala:52)
[error] 	at sbt.internal.inc.IncrementalCommon.cycle(IncrementalCommon.scala:263)
[error] 	at sbt.internal.inc.Incremental$.$anonfun$incrementalCompile$8(Incremental.scala:418)
[error] 	at sbt.internal.inc.Incremental$.withClassfileManager(Incremental.scala:506)
[error] 	at sbt.internal.inc.Incremental$.incrementalCompile(Incremental.scala:405)
[error] 	at sbt.internal.inc.Incremental$.apply(Incremental.scala:171)
[error] 	at sbt.internal.inc.IncrementalCompilerImpl.compileInternal(IncrementalCompilerImpl.scala:534)
[error] 	at sbt.internal.inc.IncrementalCompilerImpl.$anonfun$compileIncrementally$1(IncrementalCompilerImpl.scala:488)
[error] 	at sbt.internal.inc.IncrementalCompilerImpl.handleCompilationError(IncrementalCompilerImpl.scala:332)
[error] 	at sbt.internal.inc.IncrementalCompilerImpl.compileIncrementally(IncrementalCompilerImpl.scala:425)
[error] 	at sbt.internal.inc.IncrementalCompilerImpl.compile(IncrementalCompilerImpl.scala:137)
[error] 	at sbt.Defaults$.compileIncrementalTaskImpl(Defaults.scala:2363)
[error] 	at sbt.Defaults$.$anonfun$compileIncrementalTask$2(Defaults.scala:2313)
[error] 	at sbt.internal.server.BspCompileTask$.$anonfun$compute$1(BspCompileTask.scala:30)
[error] 	at sbt.internal.io.Retry$.apply(Retry.scala:46)
[error] 	at sbt.internal.io.Retry$.apply(Retry.scala:28)
[error] 	at sbt.internal.io.Retry$.apply(Retry.scala:23)
[error] 	at sbt.internal.server.BspCompileTask$.compute(BspCompileTask.scala:30)
[error] 	at sbt.Defaults$.$anonfun$compileIncrementalTask$1(Defaults.scala:2311)
[error] 	at scala.Function1.$anonfun$compose$1(Function1.scala:49)
[error] 	at sbt.internal.util.$tilde$greater.$anonfun$$u2219$1(TypeFunctions.scala:62)
[error] 	at sbt.std.Transform$$anon$4.work(Transform.scala:68)
[error] 	at sbt.Execute.$anonfun$submit$2(Execute.scala:282)
[error] 	at sbt.internal.util.ErrorHandling$.wideConvert(ErrorHandling.scala:23)
[error] 	at sbt.Execute.work(Execute.scala:291)
[error] 	at sbt.Execute.$anonfun$submit$1(Execute.scala:282)
[error] 	at sbt.ConcurrentRestrictions$$anon$4.$anonfun$submitValid$1(ConcurrentRestrictions.scala:265)
[error] 	at sbt.CompletionService$$anon$2.call(CompletionService.scala:64)
[error] 	at java.base/java.util.concurrent.FutureTask.run(FutureTask.java:317)
[error] 	at java.base/java.util.concurrent.Executors$RunnableAdapter.call(Executors.java:577)
[error] 	at java.base/java.util.concurrent.FutureTask.run(FutureTask.java:317)
[error] 	at java.base/java.util.concurrent.ThreadPoolExecutor.runWorker(ThreadPoolExecutor.java:1144)
[error] 	at java.base/java.util.concurrent.ThreadPoolExecutor$Worker.run(ThreadPoolExecutor.java:642)
[error] 	at java.base/java.lang.Thread.run(Thread.java:1589)
[error] sbt.internal.inc.InvalidComponent: The compiler bridge sources CoursierModuleDescriptor(ModuleDescriptorConfiguration(false, None, org.scala-sbt.temp:temp-module-518b91374cbcb06003d475b7704c2316602396eb:1.8.0:compile, ModuleInfo(temp-module-518b91374cbcb06003d475b7704c2316602396eb, , None, None, Vector(), , None, None, Vector()), Vector(org.scala-sbt:compiler-bridge_2.11:1.8.0:compile), Vector(), Vector(), , Vector(compile, runtime, test, provided, optional), Some(compile), ConflictManager(latest-revision, *, *)),CoursierConfiguration(log=Some(sbt.internal.util.ManagedLogger@4e1d10a7),resolvers=Vector(FileRepository(local, Patterns(ivyPatterns=Vector(C:\Users\Administrator\.ivy2/local/[organisation]/[module]/(scala_[scalaVersion]/)(sbt_[sbtVersion]/)([branch]/)[revision]/[type]s/[artifact](-[classifier]).[ext]), artifactPatterns=Vector(C:\Users\Administrator\.ivy2/local/[organisation]/[module]/(scala_[scalaVersion]/)(sbt_[sbtVersion]/)([branch]/)[revision]/[type]s/[artifact](-[classifier]).[ext]), isMavenCompatible=false, descriptorOptional=false, skipConsistencyCheck=false), FileConfiguration(true, None)), public: https://repo1.maven.org/maven2/),parallelDownloads=6,maxIterations=100,sbtScalaOrganization=Some(org.scala-lang),sbtScalaVersion=Some(2.12.17),sbtScalaJars=Vector(C:\Users\Administrator\.sbt\boot\scala-2.12.17\lib\scala-compiler.jar, C:\Users\Administrator\.sbt\boot\scala-2.12.17\lib\scala-library.jar, C:\Users\Administrator\.sbt\boot\scala-2.12.17\lib\scala-reflect.jar, C:\Users\Administrator\.sbt\boot\scala-2.12.17\lib\scala-xml_2.12-2.1.0.jar),interProjectDependencies=Vector(),excludeDependencies=Vector(),fallbackDependencies=Vector(),autoScalaLibrary=true,hasClassifiers=false,classifiers=Vector(),mavenProfiles=Vector(),scalaOrganization=Some(org.scala-lang),scalaVersion=Some(2.11.12),authenticationByRepositoryId=Vector(),credentials=Vector(),logger=Some(sbt.coursierint.LMCoursier$CoursierLogger@7827f78),cache=Some(C:\Users\Administrator\AppData\Local\Coursier\Cache\v1),ivyHome=Some(C:\Users\Administrator\.ivy2),followHttpToHttpsRedirections=None,strict=None,extraProjects=Vector(),forceVersions=Vector(),reconciliation=Vector((ModuleMatchers(exclude=Set(),include=Set(),includeByDefault=true),Relaxed)),classpathOrder=true,verbosityLevel=0,ttl=Some(24 hours),checksums=Vector(Some(SHA-1), None),cachePolicies=Vector(LocalUpdateChanging, LocalOnly, Update),missingOk=false,sbtClassifiers=false,providedInCompile=false,protocolHandlerDependencies=Vector())) could not be retrieved.
[error] 
[error] 	Note: Unresolved dependencies path:
[error] 	at sbt.internal.inc.ZincLMHelper$.update(ZincComponentCompiler.scala:308)
[error] 	at sbt.internal.inc.ZincComponentCompiler.$anonfun$compileAndInstall$3(ZincComponentCompiler.scala:264)
[error] 	at sbt.internal.inc.ZincComponentCompiler.$anonfun$compileAndInstall$3$adapted(ZincComponentCompiler.scala:257)
[error] 	at sbt.io.IO$.withTemporaryDirectory(IO.scala:490)
[error] 	at sbt.io.IO$.withTemporaryDirectory(IO.scala:500)
[error] 	at sbt.internal.inc.ZincComponentCompiler.$anonfun$compileAndInstall$2(ZincComponentCompiler.scala:257)
[error] 	at scala.runtime.java8.JFunction0$mcV$sp.apply(JFunction0$mcV$sp.java:23)
[error] 	at sbt.internal.util.BufferedLogger.bufferQuietly(BufferedLogger.scala:159)
[error] 	at sbt.internal.inc.ZincComponentCompiler.$anonfun$compileAndInstall$1(ZincComponentCompiler.scala:257)
[error] 	at sbt.internal.inc.ZincComponentCompiler.$anonfun$compileAndInstall$1$adapted(ZincComponentCompiler.scala:254)
[error] 	at sbt.io.IO$.withTemporaryDirectory(IO.scala:490)
[error] 	at sbt.io.IO$.withTemporaryDirectory(IO.scala:500)
[error] 	at sbt.internal.inc.ZincComponentCompiler.compileAndInstall(ZincComponentCompiler.scala:254)
[error] 	at sbt.internal.inc.ZincComponentCompiler.$anonfun$compiledBridgeJar$1(ZincComponentCompiler.scala:222)
[error] 	at sbt.internal.inc.IfMissing$Define.run(IfMissing.scala:19)
[error] 	at sbt.internal.inc.ZincComponentManager.createAndCache$1(ZincComponentManager.scala:51)
[error] 	at sbt.internal.inc.ZincComponentManager.$anonfun$files$3(ZincComponentManager.scala:62)
[error] 	at sbt.internal.inc.ZincComponentManager.getOrElse$1(ZincComponentManager.scala:43)
[error] 	at sbt.internal.inc.ZincComponentManager.$anonfun$files$2(ZincComponentManager.scala:62)
[error] 	at sbt.internal.inc.ZincComponentManager$$anon$1.call(ZincComponentManager.scala:91)
[error] 	at xsbt.boot.Locks$GlobalLock.withChannel$1(Locks.scala:113)
[error] 	at xsbt.boot.Locks$GlobalLock.withChannelRetries$1(Locks.scala:91)
[error] 	at xsbt.boot.Locks$GlobalLock.$anonfun$withFileLock$1(Locks.scala:119)
[error] 	at xsbt.boot.Using$.withResource(Using.scala:12)
[error] 	at xsbt.boot.Using$.apply(Using.scala:9)
[error] 	at xsbt.boot.Locks$GlobalLock.withFileLock(Locks.scala:119)
[error] 	at xsbt.boot.Locks$GlobalLock.ignoringDeadlockAvoided(Locks.scala:71)
[error] 	at xsbt.boot.Locks$GlobalLock.withLock(Locks.scala:59)
[error] 	at xsbt.boot.Locks$.apply0(Locks.scala:47)
[error] 	at xsbt.boot.Locks$.apply(Locks.scala:36)
[error] 	at sbt.internal.inc.ZincComponentManager.lock(ZincComponentManager.scala:91)
[error] 	at sbt.internal.inc.ZincComponentManager.$anonfun$lockSecondaryCache$1(ZincComponentManager.scala:88)
[error] 	at scala.Option.map(Option.scala:230)
[error] 	at sbt.internal.inc.ZincComponentManager.lockSecondaryCache(ZincComponentManager.scala:88)
[error] 	at sbt.internal.inc.ZincComponentManager.fromSecondary$1(ZincComponentManager.scala:60)
[error] 	at sbt.internal.inc.ZincComponentManager.$anonfun$files$6(ZincComponentManager.scala:66)
[error] 	at sbt.internal.inc.ZincComponentManager.getOrElse$1(ZincComponentManager.scala:43)
[error] 	at sbt.internal.inc.ZincComponentManager.$anonfun$files$5(ZincComponentManager.scala:66)
[error] 	at sbt.internal.inc.ZincComponentManager$$anon$1.call(ZincComponentManager.scala:91)
[error] 	at xsbt.boot.Locks$GlobalLock.withChannel$1(Locks.scala:113)
[error] 	at xsbt.boot.Locks$GlobalLock.withChannelRetries$1(Locks.scala:91)
[error] 	at xsbt.boot.Locks$GlobalLock.$anonfun$withFileLock$1(Locks.scala:119)
[error] 	at xsbt.boot.Using$.withResource(Using.scala:12)
[error] 	at xsbt.boot.Using$.apply(Using.scala:9)
[error] 	at xsbt.boot.Locks$GlobalLock.withFileLock(Locks.scala:119)
[error] 	at xsbt.boot.Locks$GlobalLock.ignoringDeadlockAvoided(Locks.scala:71)
[error] 	at xsbt.boot.Locks$GlobalLock.withLock(Locks.scala:59)
[error] 	at xsbt.boot.Locks$.apply0(Locks.scala:47)
[error] 	at xsbt.boot.Locks$.apply(Locks.scala:36)
[error] 	at sbt.internal.inc.ZincComponentManager.lock(ZincComponentManager.scala:91)
[error] 	at sbt.internal.inc.ZincComponentManager.lockLocalCache(ZincComponentManager.scala:84)
[error] 	at sbt.internal.inc.ZincComponentManager.files(ZincComponentManager.scala:66)
[error] 	at sbt.internal.inc.ZincComponentManager.file(ZincComponentManager.scala:72)
[error] 	at sbt.internal.inc.ZincComponentCompiler.compiledBridgeJar(ZincComponentCompiler.scala:222)
[error] 	at sbt.internal.inc.ZincComponentCompiler$ZincCompilerBridgeProvider.compiledBridge(ZincComponentCompiler.scala:63)
[error] 	at sbt.internal.inc.ZincComponentCompiler$ZincCompilerBridgeProvider.fetchCompiledBridge(ZincComponentCompiler.scala:70)
[error] 	at sbt.internal.inc.AnalyzingCompiler.getDualLoader(AnalyzingCompiler.scala:354)
[error] 	at sbt.internal.inc.AnalyzingCompiler.getDocLoader(AnalyzingCompiler.scala:347)
[error] 	at sbt.internal.inc.AnalyzingCompiler.doc(AnalyzingCompiler.scala:148)
[error] 	at sbt.internal.inc.AnalyzingCompiler.doc(AnalyzingCompiler.scala:133)
[error] 	at sbt.Doc$.$anonfun$scaladoc$1(Doc.scala:52)
[error] 	at sbt.Doc$.$anonfun$scaladoc$1$adapted(Doc.scala:40)
[error] 	at sbt.RawCompileLike$.$anonfun$prepare$1(RawCompileLike.scala:79)
[error] 	at sbt.RawCompileLike$.$anonfun$prepare$1$adapted(RawCompileLike.scala:72)
[error] 	at sbt.RawCompileLike$.$anonfun$cached$4(RawCompileLike.scala:63)
[error] 	at sbt.RawCompileLike$.$anonfun$cached$4$adapted(RawCompileLike.scala:61)
[error] 	at sbt.util.Tracked$.$anonfun$inputChangedW$1(Tracked.scala:219)
[error] 	at sbt.RawCompileLike$.$anonfun$cached$1(RawCompileLike.scala:68)
[error] 	at sbt.RawCompileLike$.$anonfun$cached$1$adapted(RawCompileLike.scala:52)
[error] 	at sbt.Defaults$.$anonfun$docTaskSettings$4(Defaults.scala:2156)
[error] 	at scala.Function1.$anonfun$compose$1(Function1.scala:49)
[error] 	at sbt.internal.util.$tilde$greater.$anonfun$$u2219$1(TypeFunctions.scala:62)
[error] 	at sbt.std.Transform$$anon$4.work(Transform.scala:68)
[error] 	at sbt.Execute.$anonfun$submit$2(Execute.scala:282)
[error] 	at sbt.internal.util.ErrorHandling$.wideConvert(ErrorHandling.scala:23)
[error] 	at sbt.Execute.work(Execute.scala:291)
[error] 	at sbt.Execute.$anonfun$submit$1(Execute.scala:282)
[error] 	at sbt.ConcurrentRestrictions$$anon$4.$anonfun$submitValid$1(ConcurrentRestrictions.scala:265)
[error] 	at sbt.CompletionService$$anon$2.call(CompletionService.scala:64)
[error] 	at java.base/java.util.concurrent.FutureTask.run(FutureTask.java:317)
[error] 	at java.base/java.util.concurrent.Executors$RunnableAdapter.call(Executors.java:577)
[error] 	at java.base/java.util.concurrent.FutureTask.run(FutureTask.java:317)
[error] 	at java.base/java.util.concurrent.ThreadPoolExecutor.runWorker(ThreadPoolExecutor.java:1144)
[error] 	at java.base/java.util.concurrent.ThreadPoolExecutor$Worker.run(ThreadPoolExecutor.java:642)
[error] 	at java.base/java.lang.Thread.run(Thread.java:1589)
[error] (Compile / compileIncremental) sbt.internal.inc.InvalidComponent: The compiler bridge sources CoursierModuleDescriptor(ModuleDescriptorConfiguration(false, None, org.scala-sbt.temp:temp-module-518b91374cbcb06003d475b7704c2316602396eb:1.8.0:compile, ModuleInfo(temp-module-518b91374cbcb06003d475b7704c2316602396eb, , None, None, Vector(), , None, None, Vector()), Vector(org.scala-sbt:compiler-bridge_2.11:1.8.0:compile), Vector(), Vector(), , Vector(compile, runtime, test, provided, optional), Some(compile), ConflictManager(latest-revision, *, *)),CoursierConfiguration(log=Some(sbt.internal.util.ManagedLogger@4e1d10a7),resolvers=Vector(FileRepository(local, Patterns(ivyPatterns=Vector(C:\Users\Administrator\.ivy2/local/[organisation]/[module]/(scala_[scalaVersion]/)(sbt_[sbtVersion]/)([branch]/)[revision]/[type]s/[artifact](-[classifier]).[ext]), artifactPatterns=Vector(C:\Users\Administrator\.ivy2/local/[organisation]/[module]/(scala_[scalaVersion]/)(sbt_[sbtVersion]/)([branch]/)[revision]/[type]s/[artifact](-[classifier]).[ext]), isMavenCompatible=false, descriptorOptional=false, skipConsistencyCheck=false), FileConfiguration(true, None)), public: https://repo1.maven.org/maven2/),parallelDownloads=6,maxIterations=100,sbtScalaOrganization=Some(org.scala-lang),sbtScalaVersion=Some(2.12.17),sbtScalaJars=Vector(C:\Users\Administrator\.sbt\boot\scala-2.12.17\lib\scala-compiler.jar, C:\Users\Administrator\.sbt\boot\scala-2.12.17\lib\scala-library.jar, C:\Users\Administrator\.sbt\boot\scala-2.12.17\lib\scala-reflect.jar, C:\Users\Administrator\.sbt\boot\scala-2.12.17\lib\scala-xml_2.12-2.1.0.jar),interProjectDependencies=Vector(),excludeDependencies=Vector(),fallbackDependencies=Vector(),autoScalaLibrary=true,hasClassifiers=false,classifiers=Vector(),mavenProfiles=Vector(),scalaOrganization=Some(org.scala-lang),scalaVersion=Some(2.11.12),authenticationByRepositoryId=Vector(),credentials=Vector(),logger=Some(sbt.coursierint.LMCoursier$CoursierLogger@7827f78),cache=Some(C:\Users\Administrator\AppData\Local\Coursier\Cache\v1),ivyHome=Some(C:\Users\Administrator\.ivy2),followHttpToHttpsRedirections=None,strict=None,extraProjects=Vector(),forceVersions=Vector(),reconciliation=Vector((ModuleMatchers(exclude=Set(),include=Set(),includeByDefault=true),Relaxed)),classpathOrder=true,verbosityLevel=0,ttl=Some(24 hours),checksums=Vector(Some(SHA-1), None),cachePolicies=Vector(LocalUpdateChanging, LocalOnly, Update),missingOk=false,sbtClassifiers=false,providedInCompile=false,protocolHandlerDependencies=Vector())) could not be retrieved.
[error] 
[error] 	Note: Unresolved dependencies path:
[error] (Compile / doc) sbt.internal.inc.InvalidComponent: The compiler bridge sources CoursierModuleDescriptor(ModuleDescriptorConfiguration(false, None, org.scala-sbt.temp:temp-module-518b91374cbcb06003d475b7704c2316602396eb:1.8.0:compile, ModuleInfo(temp-module-518b91374cbcb06003d475b7704c2316602396eb, , None, None, Vector(), , None, None, Vector()), Vector(org.scala-sbt:compiler-bridge_2.11:1.8.0:compile), Vector(), Vector(), , Vector(compile, runtime, test, provided, optional), Some(compile), ConflictManager(latest-revision, *, *)),CoursierConfiguration(log=Some(sbt.internal.util.ManagedLogger@4e1d10a7),resolvers=Vector(FileRepository(local, Patterns(ivyPatterns=Vector(C:\Users\Administrator\.ivy2/local/[organisation]/[module]/(scala_[scalaVersion]/)(sbt_[sbtVersion]/)([branch]/)[revision]/[type]s/[artifact](-[classifier]).[ext]), artifactPatterns=Vector(C:\Users\Administrator\.ivy2/local/[organisation]/[module]/(scala_[scalaVersion]/)(sbt_[sbtVersion]/)([branch]/)[revision]/[type]s/[artifact](-[classifier]).[ext]), isMavenCompatible=false, descriptorOptional=false, skipConsistencyCheck=false), FileConfiguration(true, None)), public: https://repo1.maven.org/maven2/),parallelDownloads=6,maxIterations=100,sbtScalaOrganization=Some(org.scala-lang),sbtScalaVersion=Some(2.12.17),sbtScalaJars=Vector(C:\Users\Administrator\.sbt\boot\scala-2.12.17\lib\scala-compiler.jar, C:\Users\Administrator\.sbt\boot\scala-2.12.17\lib\scala-library.jar, C:\Users\Administrator\.sbt\boot\scala-2.12.17\lib\scala-reflect.jar, C:\Users\Administrator\.sbt\boot\scala-2.12.17\lib\scala-xml_2.12-2.1.0.jar),interProjectDependencies=Vector(),excludeDependencies=Vector(),fallbackDependencies=Vector(),autoScalaLibrary=true,hasClassifiers=false,classifiers=Vector(),mavenProfiles=Vector(),scalaOrganization=Some(org.scala-lang),scalaVersion=Some(2.11.12),authenticationByRepositoryId=Vector(),credentials=Vector(),logger=Some(sbt.coursierint.LMCoursier$CoursierLogger@7827f78),cache=Some(C:\Users\Administrator\AppData\Local\Coursier\Cache\v1),ivyHome=Some(C:\Users\Administrator\.ivy2),followHttpToHttpsRedirections=None,strict=None,extraProjects=Vector(),forceVersions=Vector(),reconciliation=Vector((ModuleMatchers(exclude=Set(),include=Set(),includeByDefault=true),Relaxed)),classpathOrder=true,verbosityLevel=0,ttl=Some(24 hours),checksums=Vector(Some(SHA-1), None),cachePolicies=Vector(LocalUpdateChanging, LocalOnly, Update),missingOk=false,sbtClassifiers=false,providedInCompile=false,protocolHandlerDependencies=Vector())) could not be retrieved.
[error] 
[error] 	Note: Unresolved dependencies path:
[error] Total time: 0 s, completed 2022年11月25日 21:13:42
[debug] > Exec(idea-shell, None, None)
