[debug] > Exec(early(addDefaultCommands), None, None)
[debug] > Exec(addDefaultCommands, None, None)
[debug] > Exec(early(initialize), None, None)
[debug] > Exec(initialize, None, None)
[debug] > Exec(early(addPluginSbtFile="""C:\Temp\idea.sbt"""), None, None)
[debug] > Exec(addPluginSbtFile="""C:\Temp\idea.sbt""", None, None)
[debug] > Exec(boot, None, None)
[debug] > Exec(writeSbtVersion, None, None)
[debug] > Exec(reload, None, None)
[debug] > Exec(sbtStashOnFailure, None, None)
[debug] > Exec(onFailure loadFailed, None, None)
[debug] > Exec(loadp, None, None)
[info] welcome to sbt 1.6.0 (Oracle Corporation Java 19)
[debug]       Load.loadUnit: plugins took 46.9753ms
[debug]       Load.loadUnit: defsScala took 0.1364ms
[debug] [Loading] Scanning directory C:\Users\Administrator\.sbt\1.0\plugins
[debug] [Loading] Found non-root projects 
[debug] [Loading] Done in C:\Users\Administrator\.sbt\1.0\plugins, returning: ()
[debug] deducing auto plugins based on known facts Set(Atom(sbt.plugins.CorePlugin)) and clauses Clauses(Clause(Atom(sbt.plugins.JvmPlugin),Set(Atom(sbt.plugins.IvyPlugin)))
[debug] Clause(Atom(sbt.ScriptedPlugin),Set(Atom(sbt.plugins.JvmPlugin)))
[debug] Clause(Atom(sbt.plugins.SbtPlugin),Set(Atom(sbt.ScriptedPlugin)))
[debug] Clause(Atom(sbt.plugins.SemanticdbPlugin),Set(Atom(sbt.plugins.JvmPlugin)))
[debug] Clause(Atom(sbt.plugins.JUnitXmlReportPlugin),Set(Atom(sbt.plugins.JvmPlugin)))
[debug] Clause(Atom(sbt.plugins.MiniDependencyTreePlugin),Set(Atom(sbt.plugins.JvmPlugin)))
[debug] Clause(Atom(sbt.plugins.CorePlugin),Set(Atom(sbt.plugins.IvyPlugin)))
[debug] Clause(Atom(sbt.plugins.IvyPlugin),Set(Atom(sbt.plugins.JvmPlugin)))
[debug] Clause(Atom(sbt.plugins.JvmPlugin),Set(Atom(sbt.plugins.SemanticdbPlugin)))
[debug] Clause(Atom(sbt.plugins.JvmPlugin),Set(Atom(sbt.plugins.JUnitXmlReportPlugin)))
[debug] Clause(Atom(sbt.plugins.CorePlugin),Set(Atom(sbt.plugins.Giter8TemplatePlugin)))
[debug] Clause(Atom(sbt.plugins.JvmPlugin),Set(Atom(sbt.plugins.MiniDependencyTreePlugin))))
[debug]   :: deduced result: Matched(sbt.plugins.CorePlugin,sbt.plugins.Giter8TemplatePlugin,sbt.plugins.IvyPlugin,sbt.plugins.JvmPlugin,sbt.plugins.MiniDependencyTreePlugin,sbt.plugins.JUnitXmlReportPlugin,sbt.plugins.SemanticdbPlugin)
[debug] Plugins.deducer#function took 9.0088 ms
[debug]           Load.resolveProject(global-plugins) took 24.4243ms
[debug]         Load.loadTransitive: finalizeProject(Project(id global-plugins, base: C:\Users\Administrator\.sbt\1.0\plugins, plugins: List(<none>))) took 44.0966ms
[debug] [Loading] Done in C:\Users\Administrator\.sbt\1.0\plugins, returning: (global-plugins)
[debug]       Load.loadUnit: loadedProjectsRaw took 55.9671ms
[debug]       Load.loadUnit: cleanEvalClasses took 0.1381ms
[debug]     Load.loadUnit(file:/C:/Users/Administrator/.sbt/1.0/plugins/, ...) took 107.9052ms
[debug]   Load.apply: load took 202.3727ms
[debug]   Load.apply: resolveProjects took 3.0323ms
[debug]   Load.apply: finalTransforms took 35.3795ms
[debug]   Load.apply: config.delegates took 4.9961ms
[debug]   Load.apply: Def.make(settings)... took 296.5812ms
[debug]   Load.apply: structureIndex took 77.4631ms
[debug]   Load.apply: mkStreams took 2.7465ms
[info] loading global plugins from C:\Users\Administrator\.sbt\1.0\plugins
[debug] Running task... Cancel: Signal, check cycles: false, forcegc: true
[debug] Load.defaultLoad until apply took 1753.9359ms
[debug]           Load.loadUnit: plugins took 20.7711ms
[debug]           Load.loadUnit: defsScala took 0.0041ms
[debug] [Loading] Scanning directory C:\Users\Administrator\Desktop\spinalhdl coding\untitled4\project
[debug]             Load.loadUnit: mkEval took 4.7933ms
[debug] [Loading] Found non-root projects 
[debug] [Loading] Done in C:\Users\Administrator\Desktop\spinalhdl coding\untitled4\project, returning: ()
[debug] deducing auto plugins based on known facts Set(Atom(sbt.plugins.CorePlugin)) and clauses Clauses(Clause(Atom(sbt.plugins.JvmPlugin),Set(Atom(sbt.plugins.IvyPlugin)))
[debug] Clause(Atom(sbt.ScriptedPlugin),Set(Atom(sbt.plugins.JvmPlugin)))
[debug] Clause(Atom(sbt.plugins.SbtPlugin),Set(Atom(sbt.ScriptedPlugin)))
[debug] Clause(Atom(sbt.plugins.SemanticdbPlugin),Set(Atom(sbt.plugins.JvmPlugin)))
[debug] Clause(Atom(sbt.plugins.JUnitXmlReportPlugin),Set(Atom(sbt.plugins.JvmPlugin)))
[debug] Clause(Atom(sbt.plugins.MiniDependencyTreePlugin),Set(Atom(sbt.plugins.JvmPlugin)))
[debug] Clause(Atom(sbt.plugins.CorePlugin),Set(Atom(sbt.plugins.IvyPlugin)))
[debug] Clause(Atom(sbt.plugins.IvyPlugin),Set(Atom(sbt.plugins.JvmPlugin)))
[debug] Clause(Atom(sbt.plugins.JvmPlugin),Set(Atom(sbt.plugins.SemanticdbPlugin)))
[debug] Clause(Atom(sbt.plugins.JvmPlugin),Set(Atom(sbt.plugins.JUnitXmlReportPlugin)))
[debug] Clause(Atom(sbt.plugins.CorePlugin),Set(Atom(sbt.plugins.Giter8TemplatePlugin)))
[debug] Clause(Atom(sbt.plugins.JvmPlugin),Set(Atom(sbt.plugins.MiniDependencyTreePlugin))))
[debug]   :: deduced result: Matched(sbt.plugins.CorePlugin,sbt.plugins.Giter8TemplatePlugin,sbt.plugins.IvyPlugin,sbt.plugins.JvmPlugin,sbt.plugins.MiniDependencyTreePlugin,sbt.plugins.JUnitXmlReportPlugin,sbt.plugins.SemanticdbPlugin)
[debug] Plugins.deducer#function took 1.8754 ms
[info] loading settings for project untitled4-build from idea.sbt ...
[debug]               Load.resolveProject(untitled4-build) took 1.914ms
[debug]             Load.loadTransitive: finalizeProject(Project(id untitled4-build, base: C:\Users\Administrator\Desktop\spinalhdl coding\untitled4\project, plugins: List(<none>))) took 4.3413ms
[debug] [Loading] Done in C:\Users\Administrator\Desktop\spinalhdl coding\untitled4\project, returning: (untitled4-build)
[debug]           Load.loadUnit: loadedProjectsRaw took 93.5069ms
[debug]           Load.loadUnit: cleanEvalClasses took 4.7236ms
[debug]         Load.loadUnit(file:/C:/Users/Administrator/Desktop/spinalhdl%20coding/untitled4/project/, ...) took 120.2583ms
[debug]       Load.apply: load took 121.547ms
[debug]       Load.apply: resolveProjects took 0.0715ms
[debug]       Load.apply: finalTransforms took 7.0282ms
[debug]       Load.apply: config.delegates took 0.3408ms
[debug]       Load.apply: Def.make(settings)... took 68.8104ms
[debug]       Load.apply: structureIndex took 29.8135ms
[debug]       Load.apply: mkStreams took 0.0028ms
[info] loading project definition from C:\Users\Administrator\Desktop\spinalhdl coding\untitled4\project
[debug] Running task... Cancel: Signal, check cycles: false, forcegc: true
[warn] Unrecognized repository Scala Plugin Bundled Repository, ignoring it
[warn] Unrecognized repository Scala Plugin Bundled Repository, ignoring it
[debug]     Load.loadUnit: plugins took 2825.2317ms
[debug]     Load.loadUnit: defsScala took 0.0032ms
[debug] [Loading] Scanning directory C:\Users\Administrator\Desktop\spinalhdl coding\untitled4
[debug]       Load.loadUnit: mkEval took 0.3791ms
[debug] [Loading] Found non-root projects 
[debug] [Loading] Done in C:\Users\Administrator\Desktop\spinalhdl coding\untitled4, returning: ()
[debug] deducing auto plugins based on known facts Set(Atom(sbt.plugins.CorePlugin)) and clauses Clauses(Clause(Atom(sbt.plugins.JvmPlugin),Set(Atom(sbt.plugins.IvyPlugin)))
[debug] Clause(Atom(sbt.ScriptedPlugin),Set(Atom(sbt.plugins.JvmPlugin)))
[debug] Clause(Atom(sbt.plugins.SbtPlugin),Set(Atom(sbt.ScriptedPlugin)))
[debug] Clause(Atom(sbt.plugins.SemanticdbPlugin),Set(Atom(sbt.plugins.JvmPlugin)))
[debug] Clause(Atom(sbt.plugins.JUnitXmlReportPlugin),Set(Atom(sbt.plugins.JvmPlugin)))
[debug] Clause(Atom(sbt.plugins.MiniDependencyTreePlugin),Set(Atom(sbt.plugins.JvmPlugin)))
[debug] Clause(Atom(org.jetbrains.sbt.StructurePlugin),Set(Atom(sbt.plugins.JvmPlugin)))
[debug] Clause(Atom(org.jetbrains.sbt.IdeaShellPlugin),Set(Atom(sbt.plugins.JvmPlugin)))
[debug] Clause(Atom(org.jetbrains.sbt.indices.SbtIntellijIndicesPlugin),Set(Atom(sbt.plugins.JvmPlugin)))
[debug] Clause(Atom(sbt.plugins.CorePlugin),Set(Atom(sbt.plugins.IvyPlugin)))
[debug] Clause(Atom(sbt.plugins.IvyPlugin),Set(Atom(sbt.plugins.JvmPlugin)))
[debug] Clause(Atom(sbt.plugins.JvmPlugin),Set(Atom(sbt.plugins.SemanticdbPlugin)))
[debug] Clause(Atom(sbt.plugins.JvmPlugin),Set(Atom(sbt.plugins.JUnitXmlReportPlugin)))
[debug] Clause(Atom(sbt.plugins.CorePlugin),Set(Atom(sbt.plugins.Giter8TemplatePlugin)))
[debug] Clause(Atom(sbt.plugins.JvmPlugin),Set(Atom(sbt.plugins.MiniDependencyTreePlugin)))
[debug] Clause(Atom(sbt.plugins.JvmPlugin),Set(Atom(org.jetbrains.sbt.StructurePlugin)))
[debug] Clause(Atom(sbt.plugins.JvmPlugin),Set(Atom(org.jetbrains.sbt.IdeaShellPlugin)))
[debug] Clause(And(Set(Atom(sbt.plugins.CorePlugin), Atom(sbt.plugins.JvmPlugin))),Set(Atom(org.jetbrains.sbt.indices.SbtIntellijIndicesPlugin))))
[debug]   :: deduced result: Matched(sbt.plugins.CorePlugin,sbt.plugins.Giter8TemplatePlugin,sbt.plugins.IvyPlugin,sbt.plugins.JvmPlugin,sbt.plugins.SemanticdbPlugin,org.jetbrains.sbt.indices.SbtIntellijIndicesPlugin,sbt.plugins.JUnitXmlReportPlugin,org.jetbrains.sbt.IdeaShellPlugin,org.jetbrains.sbt.StructurePlugin,sbt.plugins.MiniDependencyTreePlugin)
[debug] Plugins.deducer#function took 2.9297 ms
[info] loading settings for project untitled4 from build.sbt ...
[debug]         Load.resolveProject(untitled4) took 37.2808ms
[debug]       Load.loadTransitive: finalizeProject(Project(id untitled4, base: C:\Users\Administrator\Desktop\spinalhdl coding\untitled4, plugins: List(<none>))) took 41.7739ms
[debug] [Loading] Done in C:\Users\Administrator\Desktop\spinalhdl coding\untitled4, returning: (untitled4)
[debug]     Load.loadUnit: loadedProjectsRaw took 1808.0787ms
[debug]     Load.loadUnit: cleanEvalClasses took 21.4895ms
[debug]   Load.loadUnit(file:/C:/Users/Administrator/Desktop/spinalhdl%20coding/untitled4/, ...) took 4656.0658ms
[debug] Load.apply: load took 4657.9548ms
[debug] Load.apply: resolveProjects took 0.1615ms
[debug] Load.apply: finalTransforms took 21.0263ms
[debug] Load.apply: config.delegates took 0.2403ms
[debug] Load.apply: Def.make(settings)... took 52.8507ms
[debug] Load.apply: structureIndex took 18.5314ms
[debug] Load.apply: mkStreams took 0.0028ms
[info] set current project to untitled4 (in build file:/C:/Users/Administrator/Desktop/spinalhdl%20coding/untitled4/)
[debug] > Exec(sbtPopOnFailure, None, None)
[debug] > Exec(resumeFromFailure, None, None)
[debug] > Exec(notifyUsersAboutShell, None, None)
[debug] > Exec(iflast shell, None, None)
[debug] > Exec(; set ideaPort in Global := 59174 ; idea-shell, None, None)
[debug] > Exec(set ideaPort in Global := 59174, None, None)
[info] Defining Global / ideaPort
[info] The new value will be used by Compile / compile, Test / compile
[debug] Defining 
[debug] 	Global / ideaPort
[debug] 
[debug] The new value will be used by 
[debug] 	Compile / compile
[debug] 	Test / compile
[info] Reapplying settings...
[info] set current project to untitled4 (in build file:/C:/Users/Administrator/Desktop/spinalhdl%20coding/untitled4/)
[debug] > Exec(idea-shell, None, None)
