[debug] > Exec(;reload; set _root_.org.jetbrains.sbt.StructureKeys.sbtStructureOptions in Global := "download resolveClassifiers resolveSbtClassifiers" ;preferScala2;*/*:dumpStructureTo C:/Users/Administrator/AppData/Local/Temp/sbt-structure.xml; session clear-all ; set ideaPort in Global := 53762, None, None)
[debug] > Exec(reload, None, None)
[debug] > Exec(sbtStashOnFailure, None, None)
[debug] > Exec(onFailure loadFailed, None, None)
[debug] > Exec(loadp, None, None)
[info] welcome to sbt 1.8.0 (Oracle Corporation Java 17.0.5)
[debug]       Load.loadUnit: plugins took 21.7117ms
[debug]       Load.loadUnit: defsScala took 0.0043ms
[debug] [Loading] Scanning directory C:\Users\Administrator\.sbt\1.0\plugins
[debug] [Loading] Found non-root projects 
[debug] [Loading] Done in C:\Users\Administrator\.sbt\1.0\plugins, returning: ()
[debug] deducing auto plugins based on known facts Set(Atom(sbt.plugins.CorePlugin)) and clauses Clauses(Clause(Atom(sbt.plugins.JvmPlugin),Set(Atom(sbt.plugins.IvyPlugin)))
[debug] Clause(Atom(sbt.ScriptedPlugin),Set(Atom(sbt.plugins.JvmPlugin)))
[debug] Clause(Atom(sbt.plugins.SbtPlugin),Set(Atom(sbt.ScriptedPlugin)))
[debug] Clause(Atom(sbt.plugins.SemanticdbPlugin),Set(Atom(sbt.plugins.JvmPlugin)))
[debug] Clause(Atom(sbt.plugins.JUnitXmlReportPlugin),Set(Atom(sbt.plugins.JvmPlugin)))
[debug] Clause(Atom(sbt.plugins.MiniDependencyTreePlugin),Set(Atom(sbt.plugins.JvmPlugin)))
[debug] Clause(Atom(sbt.plugins.CorePlugin),Set(Atom(sbt.plugins.IvyPlugin)))
[debug] Clause(Atom(sbt.plugins.IvyPlugin),Set(Atom(sbt.plugins.JvmPlugin)))
[debug] Clause(Atom(sbt.plugins.JvmPlugin),Set(Atom(sbt.plugins.SemanticdbPlugin)))
[debug] Clause(Atom(sbt.plugins.JvmPlugin),Set(Atom(sbt.plugins.JUnitXmlReportPlugin)))
[debug] Clause(Atom(sbt.plugins.CorePlugin),Set(Atom(sbt.plugins.Giter8TemplatePlugin)))
[debug] Clause(Atom(sbt.plugins.JvmPlugin),Set(Atom(sbt.plugins.MiniDependencyTreePlugin))))
[debug]   :: deduced result: Matched(sbt.plugins.CorePlugin,sbt.plugins.Giter8TemplatePlugin,sbt.plugins.IvyPlugin,sbt.plugins.JvmPlugin,sbt.plugins.MiniDependencyTreePlugin,sbt.plugins.JUnitXmlReportPlugin,sbt.plugins.SemanticdbPlugin)
[debug] Plugins.deducer#function took 1.1776 ms
[debug]           Load.resolveProject(global-plugins) took 0.6459ms
[debug]         Load.loadTransitive: finalizeProject(Project(id global-plugins, base: C:\Users\Administrator\.sbt\1.0\plugins, plugins: List(<none>))) took 2.1435ms
[debug] [Loading] Done in C:\Users\Administrator\.sbt\1.0\plugins, returning: (global-plugins)
[debug]       Load.loadUnit: loadedProjectsRaw took 3.1983ms
[debug]       Load.loadUnit: cleanEvalClasses took 0.0068ms
[debug]     Load.loadUnit(file:/C:/Users/Administrator/.sbt/1.0/plugins/, ...) took 26.071ms
[debug]   Load.apply: load took 27.3038ms
[debug]   Load.apply: resolveProjects took 0.0891ms
[debug]   Load.apply: finalTransforms took 2.5514ms
[debug]   Load.apply: config.delegates took 0.1669ms
[debug]   Load.apply: Def.make(settings)... took 22.4955ms
[debug]   Load.apply: structureIndex took 5.8921ms
[debug]   Load.apply: mkStreams took 0.0031ms
[info] loading global plugins from C:\Users\Administrator\.sbt\1.0\plugins
[debug] Running task... Cancel: Signal, check cycles: false, forcegc: true
[debug] Load.defaultLoad until apply took 144.1247ms
[debug]           Load.loadUnit: plugins took 20.1943ms
[debug]           Load.loadUnit: defsScala took 0.003ms
[debug] [Loading] Scanning directory C:\Users\Administrator\Desktop\spinalhdl_coding\untitled2\project
[debug]             Load.loadUnit: mkEval took 0.3294ms
[debug] [Loading] Found non-root projects 
[debug] [Loading] Done in C:\Users\Administrator\Desktop\spinalhdl_coding\untitled2\project, returning: ()
[debug] deducing auto plugins based on known facts Set(Atom(sbt.plugins.CorePlugin)) and clauses Clauses(Clause(Atom(sbt.plugins.JvmPlugin),Set(Atom(sbt.plugins.IvyPlugin)))
[debug] Clause(Atom(sbt.ScriptedPlugin),Set(Atom(sbt.plugins.JvmPlugin)))
[debug] Clause(Atom(sbt.plugins.SbtPlugin),Set(Atom(sbt.ScriptedPlugin)))
[debug] Clause(Atom(sbt.plugins.SemanticdbPlugin),Set(Atom(sbt.plugins.JvmPlugin)))
[debug] Clause(Atom(sbt.plugins.JUnitXmlReportPlugin),Set(Atom(sbt.plugins.JvmPlugin)))
[debug] Clause(Atom(sbt.plugins.MiniDependencyTreePlugin),Set(Atom(sbt.plugins.JvmPlugin)))
[debug] Clause(Atom(sbt.plugins.CorePlugin),Set(Atom(sbt.plugins.IvyPlugin)))
[debug] Clause(Atom(sbt.plugins.IvyPlugin),Set(Atom(sbt.plugins.JvmPlugin)))
[debug] Clause(Atom(sbt.plugins.JvmPlugin),Set(Atom(sbt.plugins.SemanticdbPlugin)))
[debug] Clause(Atom(sbt.plugins.JvmPlugin),Set(Atom(sbt.plugins.JUnitXmlReportPlugin)))
[debug] Clause(Atom(sbt.plugins.CorePlugin),Set(Atom(sbt.plugins.Giter8TemplatePlugin)))
[debug] Clause(Atom(sbt.plugins.JvmPlugin),Set(Atom(sbt.plugins.MiniDependencyTreePlugin))))
[debug]   :: deduced result: Matched(sbt.plugins.CorePlugin,sbt.plugins.Giter8TemplatePlugin,sbt.plugins.IvyPlugin,sbt.plugins.JvmPlugin,sbt.plugins.MiniDependencyTreePlugin,sbt.plugins.JUnitXmlReportPlugin,sbt.plugins.SemanticdbPlugin)
[debug] Plugins.deducer#function took 1.4477 ms
[info] loading settings for project untitled2-build from idea.sbt ...
[debug]               Load.resolveProject(untitled2-build) took 2.684ms
[debug]             Load.loadTransitive: finalizeProject(Project(id untitled2-build, base: C:\Users\Administrator\Desktop\spinalhdl_coding\untitled2\project, plugins: List(<none>))) took 4.4281ms
[debug] [Loading] Done in C:\Users\Administrator\Desktop\spinalhdl_coding\untitled2\project, returning: (untitled2-build)
[debug]           Load.loadUnit: loadedProjectsRaw took 29.5376ms
[debug]           Load.loadUnit: cleanEvalClasses took 2.7704ms
[debug]         Load.loadUnit(file:/C:/Users/Administrator/Desktop/spinalhdl_coding/untitled2/project/, ...) took 53.2525ms
[debug]       Load.apply: load took 53.9895ms
[debug]       Load.apply: resolveProjects took 0.052ms
[debug]       Load.apply: finalTransforms took 2.8123ms
[debug]       Load.apply: config.delegates took 0.138ms
[debug]       Load.apply: Def.make(settings)... took 18.4203ms
[debug]       Load.apply: structureIndex took 6.0387ms
[debug]       Load.apply: mkStreams took 0.0021ms
[info] loading project definition from C:\Users\Administrator\Desktop\spinalhdl_coding\untitled2\project
[debug] Running task... Cancel: Signal, check cycles: false, forcegc: true
[debug]     Load.loadUnit: plugins took 162.7307ms
[debug]     Load.loadUnit: defsScala took 0.0028ms
[debug] [Loading] Scanning directory C:\Users\Administrator\Desktop\spinalhdl_coding\untitled2
[debug]       Load.loadUnit: mkEval took 0.3013ms
[debug] [Loading] Found root project mylib w/ remaining 
[debug] deducing auto plugins based on known facts Set(Atom(sbt.plugins.CorePlugin)) and clauses Clauses(Clause(Atom(sbt.plugins.JvmPlugin),Set(Atom(sbt.plugins.IvyPlugin)))
[debug] Clause(Atom(sbt.ScriptedPlugin),Set(Atom(sbt.plugins.JvmPlugin)))
[debug] Clause(Atom(sbt.plugins.SbtPlugin),Set(Atom(sbt.ScriptedPlugin)))
[debug] Clause(Atom(sbt.plugins.SemanticdbPlugin),Set(Atom(sbt.plugins.JvmPlugin)))
[debug] Clause(Atom(sbt.plugins.JUnitXmlReportPlugin),Set(Atom(sbt.plugins.JvmPlugin)))
[debug] Clause(Atom(sbt.plugins.MiniDependencyTreePlugin),Set(Atom(sbt.plugins.JvmPlugin)))
[debug] Clause(Atom(org.jetbrains.sbt.StructurePlugin),Set(Atom(sbt.plugins.JvmPlugin)))
[debug] Clause(Atom(org.jetbrains.sbt.IdeaShellPlugin),Set(Atom(sbt.plugins.JvmPlugin)))
[debug] Clause(Atom(org.jetbrains.sbt.indices.SbtIntellijIndicesPlugin),Set(Atom(sbt.plugins.JvmPlugin)))
[debug] Clause(Atom(sbt.plugins.CorePlugin),Set(Atom(sbt.plugins.IvyPlugin)))
[debug] Clause(Atom(sbt.plugins.IvyPlugin),Set(Atom(sbt.plugins.JvmPlugin)))
[debug] Clause(Atom(sbt.plugins.JvmPlugin),Set(Atom(sbt.plugins.SemanticdbPlugin)))
[debug] Clause(Atom(sbt.plugins.JvmPlugin),Set(Atom(sbt.plugins.JUnitXmlReportPlugin)))
[debug] Clause(Atom(sbt.plugins.CorePlugin),Set(Atom(sbt.plugins.Giter8TemplatePlugin)))
[debug] Clause(Atom(sbt.plugins.JvmPlugin),Set(Atom(sbt.plugins.MiniDependencyTreePlugin)))
[debug] Clause(Atom(sbt.plugins.JvmPlugin),Set(Atom(org.jetbrains.sbt.StructurePlugin)))
[debug] Clause(Atom(sbt.plugins.JvmPlugin),Set(Atom(org.jetbrains.sbt.IdeaShellPlugin)))
[debug] Clause(And(Set(Atom(sbt.plugins.CorePlugin), Atom(sbt.plugins.JvmPlugin))),Set(Atom(org.jetbrains.sbt.indices.SbtIntellijIndicesPlugin))))
[debug]   :: deduced result: Matched(sbt.plugins.CorePlugin,sbt.plugins.Giter8TemplatePlugin,sbt.plugins.IvyPlugin,sbt.plugins.JvmPlugin,sbt.plugins.SemanticdbPlugin,org.jetbrains.sbt.indices.SbtIntellijIndicesPlugin,sbt.plugins.JUnitXmlReportPlugin,org.jetbrains.sbt.IdeaShellPlugin,org.jetbrains.sbt.StructurePlugin,sbt.plugins.MiniDependencyTreePlugin)
[debug] Plugins.deducer#function took 1.5859 ms
[info] loading settings for project mylib from build.sbt ...
[debug]         Load.resolveProject(mylib) took 27.5507ms
[debug]       Load.loadTransitive: finalizeProject(Project(id mylib, base: C:\Users\Administrator\Desktop\spinalhdl_coding\untitled2, plugins: List(<none>))) took 29.5391ms
[debug] [Loading] Done in C:\Users\Administrator\Desktop\spinalhdl_coding\untitled2, returning: (mylib)
[debug]     Load.loadUnit: loadedProjectsRaw took 541.3935ms
[debug]     Load.loadUnit: cleanEvalClasses took 23.1496ms
[debug]   Load.loadUnit(file:/C:/Users/Administrator/Desktop/spinalhdl_coding/untitled2/, ...) took 728.082ms
[debug] Load.apply: load took 729.0949ms
[debug] Load.apply: resolveProjects took 0.0546ms
[debug] Load.apply: finalTransforms took 7.5339ms
[debug] Load.apply: config.delegates took 0.1214ms
[debug] Load.apply: Def.make(settings)... took 24.8583ms
[debug] Load.apply: structureIndex took 6.1431ms
[debug] Load.apply: mkStreams took 0.0023ms
[warn] Discarding 1 session setting.  Use 'session save' to persist session settings.
[info] set current project to SpinalTemplateSbt (in build file:/C:/Users/Administrator/Desktop/spinalhdl_coding/untitled2/)
[debug] > Exec(sbtPopOnFailure, None, None)
[debug] > Exec(resumeFromFailure, None, None)
[debug] > Exec(set _root_.org.jetbrains.sbt.StructureKeys.sbtStructureOptions in Global := "download resolveClassifiers resolveSbtClassifiers", None, None)
