[debug] > Exec(;reload; set _root_.org.jetbrains.sbt.StructureKeys.sbtStructureOptions in Global := "download resolveClassifiers resolveSbtClassifiers" ;preferScala2;*/*:dumpStructureTo C:/Users/Administrator/AppData/Local/Temp/sbt-structure.xml; session clear-all ; set ideaPort in Global := 53762, None, None)
[debug] > Exec(reload, None, None)
[debug] > Exec(sbtStashOnFailure, None, None)
[debug] > Exec(onFailure loadFailed, None, None)
[debug] > Exec(loadp, None, None)
[info] welcome to sbt 1.8.0 (Oracle Corporation Java 17.0.5)
[debug]       Load.loadUnit: plugins took 18.5702ms
[debug]       Load.loadUnit: defsScala took 0.0036ms
[debug] [Loading] Scanning directory C:\Users\Administrator\.sbt\1.0\plugins
[debug] [Loading] Found non-root projects 
[debug] [Loading] Done in C:\Users\Administrator\.sbt\1.0\plugins, returning: ()
[debug] deducing auto plugins based on known facts Set(Atom(sbt.plugins.CorePlugin)) and clauses Clauses(Clause(Atom(sbt.plugins.JvmPlugin),Set(Atom(sbt.plugins.IvyPlugin)))
[debug] Clause(Atom(sbt.ScriptedPlugin),Set(Atom(sbt.plugins.JvmPlugin)))
[debug] Clause(Atom(sbt.plugins.SbtPlugin),Set(Atom(sbt.ScriptedPlugin)))
[debug] Clause(Atom(sbt.plugins.SemanticdbPlugin),Set(Atom(sbt.plugins.JvmPlugin)))
[debug] Clause(Atom(sbt.plugins.JUnitXmlReportPlugin),Set(Atom(sbt.plugins.JvmPlugin)))
[debug] Clause(Atom(sbt.plugins.MiniDependencyTreePlugin),Set(Atom(sbt.plugins.JvmPlugin)))
[debug] Clause(Atom(sbt.plugins.CorePlugin),Set(Atom(sbt.plugins.IvyPlugin)))
[debug] Clause(Atom(sbt.plugins.IvyPlugin),Set(Atom(sbt.plugins.JvmPlugin)))
[debug] Clause(Atom(sbt.plugins.JvmPlugin),Set(Atom(sbt.plugins.SemanticdbPlugin)))
[debug] Clause(Atom(sbt.plugins.JvmPlugin),Set(Atom(sbt.plugins.JUnitXmlReportPlugin)))
[debug] Clause(Atom(sbt.plugins.CorePlugin),Set(Atom(sbt.plugins.Giter8TemplatePlugin)))
[debug] Clause(Atom(sbt.plugins.JvmPlugin),Set(Atom(sbt.plugins.MiniDependencyTreePlugin))))
[debug]   :: deduced result: Matched(sbt.plugins.CorePlugin,sbt.plugins.Giter8TemplatePlugin,sbt.plugins.IvyPlugin,sbt.plugins.JvmPlugin,sbt.plugins.MiniDependencyTreePlugin,sbt.plugins.JUnitXmlReportPlugin,sbt.plugins.SemanticdbPlugin)
[debug] Plugins.deducer#function took 1.2382 ms
[debug]           Load.resolveProject(global-plugins) took 0.8305ms
[debug]         Load.loadTransitive: finalizeProject(Project(id global-plugins, base: C:\Users\Administrator\.sbt\1.0\plugins, plugins: List(<none>))) took 2.4098ms
[debug] [Loading] Done in C:\Users\Administrator\.sbt\1.0\plugins, returning: (global-plugins)
[debug]       Load.loadUnit: loadedProjectsRaw took 3.5365ms
[debug]       Load.loadUnit: cleanEvalClasses took 0.0072ms
[debug]     Load.loadUnit(file:/C:/Users/Administrator/.sbt/1.0/plugins/, ...) took 22.998ms
[debug]   Load.apply: load took 24.0569ms
[debug]   Load.apply: resolveProjects took 0.0802ms
[debug]   Load.apply: finalTransforms took 3.0424ms
[debug]   Load.apply: config.delegates took 0.1787ms
[debug]   Load.apply: Def.make(settings)... took 20.1406ms
[debug]   Load.apply: structureIndex took 6.9192ms
[debug]   Load.apply: mkStreams took 0.0018ms
[info] loading global plugins from C:\Users\Administrator\.sbt\1.0\plugins
[debug] Running task... Cancel: Signal, check cycles: false, forcegc: true
[debug] Load.defaultLoad until apply took 184.8437ms
[debug]           Load.loadUnit: plugins took 20.9318ms
[debug]           Load.loadUnit: defsScala took 0.0085ms
[debug] [Loading] Scanning directory C:\Users\Administrator\Desktop\spinalhdl_coding\untitled2\project
[debug]             Load.loadUnit: mkEval took 0.418ms
[debug] [Loading] Found non-root projects 
[debug] [Loading] Done in C:\Users\Administrator\Desktop\spinalhdl_coding\untitled2\project, returning: ()
[debug] deducing auto plugins based on known facts Set(Atom(sbt.plugins.CorePlugin)) and clauses Clauses(Clause(Atom(sbt.plugins.JvmPlugin),Set(Atom(sbt.plugins.IvyPlugin)))
[debug] Clause(Atom(sbt.ScriptedPlugin),Set(Atom(sbt.plugins.JvmPlugin)))
[debug] Clause(Atom(sbt.plugins.SbtPlugin),Set(Atom(sbt.ScriptedPlugin)))
[debug] Clause(Atom(sbt.plugins.SemanticdbPlugin),Set(Atom(sbt.plugins.JvmPlugin)))
[debug] Clause(Atom(sbt.plugins.JUnitXmlReportPlugin),Set(Atom(sbt.plugins.JvmPlugin)))
[debug] Clause(Atom(sbt.plugins.MiniDependencyTreePlugin),Set(Atom(sbt.plugins.JvmPlugin)))
[debug] Clause(Atom(sbt.plugins.CorePlugin),Set(Atom(sbt.plugins.IvyPlugin)))
[debug] Clause(Atom(sbt.plugins.IvyPlugin),Set(Atom(sbt.plugins.JvmPlugin)))
[debug] Clause(Atom(sbt.plugins.JvmPlugin),Set(Atom(sbt.plugins.SemanticdbPlugin)))
[debug] Clause(Atom(sbt.plugins.JvmPlugin),Set(Atom(sbt.plugins.JUnitXmlReportPlugin)))
[debug] Clause(Atom(sbt.plugins.CorePlugin),Set(Atom(sbt.plugins.Giter8TemplatePlugin)))
[debug] Clause(Atom(sbt.plugins.JvmPlugin),Set(Atom(sbt.plugins.MiniDependencyTreePlugin))))
[debug]   :: deduced result: Matched(sbt.plugins.CorePlugin,sbt.plugins.Giter8TemplatePlugin,sbt.plugins.IvyPlugin,sbt.plugins.JvmPlugin,sbt.plugins.MiniDependencyTreePlugin,sbt.plugins.JUnitXmlReportPlugin,sbt.plugins.SemanticdbPlugin)
[debug] Plugins.deducer#function took 1.2717 ms
[info] loading settings for project untitled2-build from idea1.sbt ...
[debug]               Load.resolveProject(untitled2-build) took 4.0691ms
[debug]             Load.loadTransitive: finalizeProject(Project(id untitled2-build, base: C:\Users\Administrator\Desktop\spinalhdl_coding\untitled2\project, plugins: List(<none>))) took 5.7076ms
[debug] [Loading] Done in C:\Users\Administrator\Desktop\spinalhdl_coding\untitled2\project, returning: (untitled2-build)
[debug]           Load.loadUnit: loadedProjectsRaw took 25.094ms
[debug]           Load.loadUnit: cleanEvalClasses took 3.0893ms
[debug]         Load.loadUnit(file:/C:/Users/Administrator/Desktop/spinalhdl_coding/untitled2/project/, ...) took 50.1386ms
[debug]       Load.apply: load took 51.1072ms
[debug]       Load.apply: resolveProjects took 0.0591ms
[debug]       Load.apply: finalTransforms took 2.7329ms
[debug]       Load.apply: config.delegates took 0.1861ms
[debug]       Load.apply: Def.make(settings)... took 23.0045ms
[debug]       Load.apply: structureIndex took 10.0719ms
[debug]       Load.apply: mkStreams took 0.0038ms
[info] loading project definition from C:\Users\Administrator\Desktop\spinalhdl_coding\untitled2\project
[debug] Running task... Cancel: Signal, check cycles: false, forcegc: true
[debug]     Load.loadUnit: plugins took 174.897ms
[debug]     Load.loadUnit: defsScala took 0.0028ms
[debug] [Loading] Scanning directory C:\Users\Administrator\Desktop\spinalhdl_coding\untitled2
[debug]       Load.loadUnit: mkEval took 0.2794ms
[debug] [Loading] Found root project mylib w/ remaining 
[debug] deducing auto plugins based on known facts Set(Atom(sbt.plugins.CorePlugin)) and clauses Clauses(Clause(Atom(sbt.plugins.JvmPlugin),Set(Atom(sbt.plugins.IvyPlugin)))
[debug] Clause(Atom(sbt.ScriptedPlugin),Set(Atom(sbt.plugins.JvmPlugin)))
[debug] Clause(Atom(sbt.plugins.SbtPlugin),Set(Atom(sbt.ScriptedPlugin)))
[debug] Clause(Atom(sbt.plugins.SemanticdbPlugin),Set(Atom(sbt.plugins.JvmPlugin)))
[debug] Clause(Atom(sbt.plugins.JUnitXmlReportPlugin),Set(Atom(sbt.plugins.JvmPlugin)))
[debug] Clause(Atom(sbt.plugins.MiniDependencyTreePlugin),Set(Atom(sbt.plugins.JvmPlugin)))
[debug] Clause(Atom(org.jetbrains.sbt.StructurePlugin),Set(Atom(sbt.plugins.JvmPlugin)))
[debug] Clause(Atom(org.jetbrains.sbt.IdeaShellPlugin),Set(Atom(sbt.plugins.JvmPlugin)))
[debug] Clause(Atom(org.jetbrains.sbt.indices.SbtIntellijIndicesPlugin),Set(Atom(sbt.plugins.JvmPlugin)))
[debug] Clause(Atom(sbt.plugins.CorePlugin),Set(Atom(sbt.plugins.IvyPlugin)))
[debug] Clause(Atom(sbt.plugins.IvyPlugin),Set(Atom(sbt.plugins.JvmPlugin)))
[debug] Clause(Atom(sbt.plugins.JvmPlugin),Set(Atom(sbt.plugins.SemanticdbPlugin)))
[debug] Clause(Atom(sbt.plugins.JvmPlugin),Set(Atom(sbt.plugins.JUnitXmlReportPlugin)))
[debug] Clause(Atom(sbt.plugins.CorePlugin),Set(Atom(sbt.plugins.Giter8TemplatePlugin)))
[debug] Clause(Atom(sbt.plugins.JvmPlugin),Set(Atom(sbt.plugins.MiniDependencyTreePlugin)))
[debug] Clause(Atom(sbt.plugins.JvmPlugin),Set(Atom(org.jetbrains.sbt.StructurePlugin)))
[debug] Clause(Atom(sbt.plugins.JvmPlugin),Set(Atom(org.jetbrains.sbt.IdeaShellPlugin)))
[debug] Clause(And(Set(Atom(sbt.plugins.CorePlugin), Atom(sbt.plugins.JvmPlugin))),Set(Atom(org.jetbrains.sbt.indices.SbtIntellijIndicesPlugin))))
[debug]   :: deduced result: Matched(sbt.plugins.CorePlugin,sbt.plugins.Giter8TemplatePlugin,sbt.plugins.IvyPlugin,sbt.plugins.JvmPlugin,sbt.plugins.SemanticdbPlugin,org.jetbrains.sbt.indices.SbtIntellijIndicesPlugin,sbt.plugins.JUnitXmlReportPlugin,org.jetbrains.sbt.IdeaShellPlugin,org.jetbrains.sbt.StructurePlugin,sbt.plugins.MiniDependencyTreePlugin)
[debug] Plugins.deducer#function took 1.6972 ms
[info] loading settings for project mylib from build.sbt ...
[debug]         Load.resolveProject(mylib) took 77.8648ms
[debug]       Load.loadTransitive: finalizeProject(Project(id mylib, base: C:\Users\Administrator\Desktop\spinalhdl_coding\untitled2, plugins: List(<none>))) took 79.989ms
[debug] [Loading] Done in C:\Users\Administrator\Desktop\spinalhdl_coding\untitled2, returning: (mylib)
[debug]     Load.loadUnit: loadedProjectsRaw took 773.5375ms
[debug]     Load.loadUnit: cleanEvalClasses took 24.4252ms
[debug]   Load.loadUnit(file:/C:/Users/Administrator/Desktop/spinalhdl_coding/untitled2/, ...) took 973.676ms
[debug] Load.apply: load took 974.7417ms
[debug] Load.apply: resolveProjects took 0.0596ms
[debug] Load.apply: finalTransforms took 9.0407ms
[debug] Load.apply: config.delegates took 0.17ms
[debug] Load.apply: Def.make(settings)... took 32.7502ms
[debug] Load.apply: structureIndex took 23.2228ms
[debug] Load.apply: mkStreams took 0.0019ms
[warn] Discarding 1 session setting.  Use 'session save' to persist session settings.
[info] set current project to SpinalTemplateSbt (in build file:/C:/Users/Administrator/Desktop/spinalhdl_coding/untitled2/)
[debug] > Exec(sbtPopOnFailure, None, None)
[debug] > Exec(resumeFromFailure, None, None)
[debug] > Exec(set _root_.org.jetbrains.sbt.StructureKeys.sbtStructureOptions in Global := "download resolveClassifiers resolveSbtClassifiers", None, None)
[info] Defining Global / sbtStructureOptions
[info] The new value will be used by Global / ssOptions
[debug] Defining 
[debug] 	Global / sbtStructureOptions
[debug] 
[debug] The new value will be used by 
[debug] 	Global / ssOptions
[info] Reapplying settings...
[info] set current project to SpinalTemplateSbt (in build file:/C:/Users/Administrator/Desktop/spinalhdl_coding/untitled2/)
[debug] > Exec(preferScala2, None, None)
[debug] > Exec(*/*:dumpStructureTo C:/Users/Administrator/AppData/Local/Temp/sbt-structure.xml, None, None)
[debug] Evaluating tasks: Global / dumpStructureTo
[warn] sbt 0.13 shell syntax is deprecated; use slash syntax instead: Global / dumpStructureTo
[debug] Running task... Cancel: Signal, check cycles: false, forcegc: true
[warn] Unrecognized repository Scala Plugin Bundled Repository, ignoring it
[warn] Unrecognized repository Scala Plugin Bundled Repository, ignoring it
[warn] Unrecognized repository Scala Plugin Bundled Repository, ignoring it
[info] Writing structure to C:\Users\Administrator\AppData\Local\Temp\sbt-structure.xml...
[info] Done.
[success] Total time: 1 s, completed 2022年11月25日 下午2:31:17
[debug] > Exec(session clear-all, None, None)
[info] Reapplying settings...
[info] set current project to SpinalTemplateSbt (in build file:/C:/Users/Administrator/Desktop/spinalhdl_coding/untitled2/)
[debug] > Exec(set ideaPort in Global := 53762, None, None)
[info] Defining Global / ideaPort
[info] The new value will be used by Compile / compile, Test / compile
[debug] Defining 
[debug] 	Global / ideaPort
[debug] 
[debug] The new value will be used by 
[debug] 	Compile / compile
[debug] 	Test / compile
[info] Reapplying settings...
[info] set current project to SpinalTemplateSbt (in build file:/C:/Users/Administrator/Desktop/spinalhdl_coding/untitled2/)
[debug] > Exec(idea-shell, None, None)
[debug] > Exec(, None, None)
[debug] > Exec(idea-shell, None, None)
